main.go:1:1package "package"
main.go:1:9IDENT   "main"
main.go:1:13;       "\n"
main.go:3:1import  "import"
main.go:3:8(       ""
main.go:4:2STRING  "\"fmt\""
main.go:4:7;       "\n"
main.go:5:1)       ""
main.go:5:2;       "\n"
main.go:7:1type    "type"
main.go:7:6IDENT   "Greeter"
main.go:7:14struct  "struct"
main.go:7:21{       ""
main.go:8:2IDENT   "helloPhrase"
main.go:8:14IDENT   "string"
main.go:8:20;       "\n"
main.go:9:1}       ""
main.go:9:2;       "\n"
main.go:11:1func    "func"
main.go:11:6(       ""
main.go:11:7IDENT   "g"
main.go:11:9IDENT   "Greeter"
main.go:11:16)       ""
main.go:11:18IDENT   "Hello"
main.go:11:23(       ""
main.go:11:24)       ""
main.go:11:26{       ""
main.go:12:2IDENT   "fmt"
main.go:12:5.       ""
main.go:12:6IDENT   "Println"
main.go:12:13(       ""
main.go:12:14IDENT   "g"
main.go:12:15.       ""
main.go:12:16IDENT   "helloPhrase"
main.go:12:27)       ""
main.go:12:28;       "\n"
main.go:13:1}       ""
main.go:13:2;       "\n"
main.go:15:1func    "func"
main.go:15:6IDENT   "main"
main.go:15:10(       ""
main.go:15:11)       ""
main.go:15:13{       ""
main.go:16:2IDENT   "g"
main.go:16:4:=      ""
main.go:16:7IDENT   "Greeter"
main.go:16:14{       ""
main.go:16:15IDENT   "helloPhrase"
main.go:16:26:       ""
main.go:16:28STRING  "\"Hey everyone!\""
main.go:16:43}       ""
main.go:16:44;       "\n"
main.go:17:2IDENT   "g"
main.go:17:3.       ""
main.go:17:4IDENT   "Hello"
main.go:17:9(       ""
main.go:17:10)       ""
main.go:17:11;       "\n"
main.go:18:1}       ""
main.go:18:2;       "\n"
main.go:18:2EOF     ""